memory
memory
Error: near line 4: table "md_activity" already exists
Error: near line 14: table "md_activity_dish" already exists
Error: near line 23: table "md_command" already exists
Error: near line 33: table "md_command_activity" already exists
Error: near line 42: table "md_command_dish" already exists
Error: near line 51: table "md_command_menu" already exists
Error: near line 60: table "md_conflict_dish_type" already exists
Error: near line 68: table "md_dish" already exists
Error: near line 81: UNIQUE constraint failed: md_dish.id
Error: near line 82: UNIQUE constraint failed: md_dish.id
Error: near line 83: UNIQUE constraint failed: md_dish.id
Error: near line 84: UNIQUE constraint failed: md_dish.id
Error: near line 85: table "md_dish_option" already exists
Error: near line 93: table "md_dish_type" already exists
Error: near line 101: UNIQUE constraint failed: md_dish_type.id
Error: near line 102: UNIQUE constraint failed: md_dish_type.id
Error: near line 103: UNIQUE constraint failed: md_dish_type.id
Error: near line 104: UNIQUE constraint failed: md_dish_type.id
Error: near line 105: UNIQUE constraint failed: md_dish_type.id
Error: near line 106: UNIQUE constraint failed: md_dish_type.id
Error: near line 107: UNIQUE constraint failed: md_dish_type.id
Error: near line 108: UNIQUE constraint failed: md_dish_type.id
Error: near line 109: UNIQUE constraint failed: md_dish_type.id
Error: near line 110: UNIQUE constraint failed: md_dish_type.id
Error: near line 111: UNIQUE constraint failed: md_dish_type.id
Error: near line 112: table "md_file" already exists
Error: near line 120: table "md_file_activity" already exists
Error: near line 128: table "md_file_dish" already exists
Error: near line 136: table "md_file_menu" already exists
Error: near line 144: table "md_menu" already exists
Error: near line 154: table "md_menu_dish" already exists
Error: near line 163: table "md_options" already exists
Error: near line 168: table "md_types" already exists
Error: near line 178: UNIQUE constraint failed: md_types.id
Error: near line 179: UNIQUE constraint failed: md_types.id
Error: near line 180: UNIQUE constraint failed: md_types.id
Error: near line 181: UNIQUE constraint failed: md_types.id
Error: near line 182: UNIQUE constraint failed: md_types.id
Error: near line 183: UNIQUE constraint failed: md_types.id
Error: near line 184: UNIQUE constraint failed: md_types.id
Error: near line 185: UNIQUE constraint failed: md_types.id
Error: near line 186: UNIQUE constraint failed: md_types.id
Error: near line 187: UNIQUE constraint failed: md_types.id
Error: near line 188: table "md_user" already exists
Error: near line 195: index md_file_id_UNIQUE already exists
Error: near line 196: index md_file_activity_id_UNIQUE already exists
Error: near line 197: index md_file_activity_fa_file_key_idx already exists
Error: near line 198: index md_file_activity_fa_activity_key_idx already exists
Error: near line 199: index md_activity_id_UNIQUE already exists
Error: near line 200: index md_menu_dish_id_UNIQUE already exists
Error: near line 201: index md_menu_dish_md_dish_key_idx already exists
Error: near line 202: index md_menu_dish_md_menu_key_idx already exists
Error: near line 203: index md_file_menu_id_UNIQUE already exists
Error: near line 204: index md_file_menu_fm_file_key_idx already exists
Error: near line 205: index md_file_menu_fm_menu_key_idx already exists
Error: near line 206: index md_command_dish_id_UNIQUE already exists
Error: near line 207: index md_command_dish_cd_command_key_idx already exists
Error: near line 208: index md_command_dish_cd_dish_key_idx already exists
Error: near line 209: index md_dish_option_id_UNIQUE already exists
Error: near line 210: index md_dish_option_do_option_key_idx already exists
Error: near line 211: index md_dish_option_do_dish_key_idx already exists
Error: near line 212: index md_user_id_UNIQUE already exists
Error: near line 213: index md_menu_id_UNIQUE already exists
Error: near line 214: index md_dish_type_id_UNIQUE already exists
Error: near line 215: index md_dish_type_dt_dish_key_idx already exists
Error: near line 216: index md_dish_type_dt_type_key_idx already exists
Error: near line 217: index md_activity_dish_id_UNIQUE already exists
Error: near line 218: index md_activity_dish_ad_activity_key_idx already exists
Error: near line 219: index md_activity_dish_ad_dish_key_idx already exists
Error: near line 220: index md_file_dish_id_UNIQUE already exists
Error: near line 221: index md_file_dish_fd_file_key_idx already exists
Error: near line 222: index md_file_dish_fd_dish_key_idx already exists
Error: near line 223: index md_options_id_UNIQUE already exists
Error: near line 224: index md_conflict_dish_type_id_UNIQUE already exists
Error: near line 225: index md_conflict_dish_type_cdt_type_key_idx already exists
Error: near line 226: index md_conflict_dish_type_cdt_conflict_type_key_idx already exists
Error: near line 227: index md_command_activity_id_UNIQUE already exists
Error: near line 228: index md_command_activity_ca_command_key_idx already exists
Error: near line 229: index md_command_activity_ca_activity_key_idx already exists
Error: near line 230: index md_dish_id_UNIQUE already exists
Error: near line 231: index md_command_id_UNIQUE already exists
Error: near line 232: index md_types_id_UNIQUE already exists
Error: near line 233: index md_command_menu_id_UNIQUE already exists
Error: near line 234: index md_command_menu_cm_command_key_idx already exists
Error: near line 235: index md_command_menu_cm_menu_key_idx already exists
memory
Error: near line 4: table "md_activity" already exists
Error: near line 14: table "md_activity_dish" already exists
Error: near line 23: table "md_command" already exists
Error: near line 33: table "md_command_activity" already exists
Error: near line 42: table "md_command_dish" already exists
Error: near line 51: table "md_command_menu" already exists
Error: near line 60: table "md_conflict_dish_type" already exists
Error: near line 68: table "md_dish" already exists
Error: near line 81: UNIQUE constraint failed: md_dish.id
Error: near line 82: UNIQUE constraint failed: md_dish.id
Error: near line 83: UNIQUE constraint failed: md_dish.id
Error: near line 84: UNIQUE constraint failed: md_dish.id
Error: near line 85: table "md_dish_option" already exists
Error: near line 93: table "md_dish_type" already exists
Error: near line 101: UNIQUE constraint failed: md_dish_type.id
Error: near line 102: UNIQUE constraint failed: md_dish_type.id
Error: near line 103: UNIQUE constraint failed: md_dish_type.id
Error: near line 104: UNIQUE constraint failed: md_dish_type.id
Error: near line 105: UNIQUE constraint failed: md_dish_type.id
Error: near line 106: UNIQUE constraint failed: md_dish_type.id
Error: near line 107: UNIQUE constraint failed: md_dish_type.id
Error: near line 108: UNIQUE constraint failed: md_dish_type.id
Error: near line 109: UNIQUE constraint failed: md_dish_type.id
Error: near line 110: UNIQUE constraint failed: md_dish_type.id
Error: near line 111: UNIQUE constraint failed: md_dish_type.id
Error: near line 112: table "md_file" already exists
Error: near line 120: table "md_file_activity" already exists
Error: near line 128: table "md_file_dish" already exists
Error: near line 136: table "md_file_menu" already exists
Error: near line 144: table "md_menu" already exists
Error: near line 154: table "md_menu_dish" already exists
Error: near line 163: table "md_options" already exists
Error: near line 168: table "md_types" already exists
Error: near line 178: UNIQUE constraint failed: md_types.id
Error: near line 179: UNIQUE constraint failed: md_types.id
Error: near line 180: UNIQUE constraint failed: md_types.id
Error: near line 181: UNIQUE constraint failed: md_types.id
Error: near line 182: UNIQUE constraint failed: md_types.id
Error: near line 183: UNIQUE constraint failed: md_types.id
Error: near line 184: UNIQUE constraint failed: md_types.id
Error: near line 185: UNIQUE constraint failed: md_types.id
Error: near line 186: UNIQUE constraint failed: md_types.id
Error: near line 187: UNIQUE constraint failed: md_types.id
Error: near line 188: table "md_user" already exists
Error: near line 195: index md_file_id_UNIQUE already exists
Error: near line 196: index md_file_activity_id_UNIQUE already exists
Error: near line 197: index md_file_activity_fa_file_key_idx already exists
Error: near line 198: index md_file_activity_fa_activity_key_idx already exists
Error: near line 199: index md_activity_id_UNIQUE already exists
Error: near line 200: index md_menu_dish_id_UNIQUE already exists
Error: near line 201: index md_menu_dish_md_dish_key_idx already exists
Error: near line 202: index md_menu_dish_md_menu_key_idx already exists
Error: near line 203: index md_file_menu_id_UNIQUE already exists
Error: near line 204: index md_file_menu_fm_file_key_idx already exists
Error: near line 205: index md_file_menu_fm_menu_key_idx already exists
Error: near line 206: index md_command_dish_id_UNIQUE already exists
Error: near line 207: index md_command_dish_cd_command_key_idx already exists
Error: near line 208: index md_command_dish_cd_dish_key_idx already exists
Error: near line 209: index md_dish_option_id_UNIQUE already exists
Error: near line 210: index md_dish_option_do_option_key_idx already exists
Error: near line 211: index md_dish_option_do_dish_key_idx already exists
Error: near line 212: index md_user_id_UNIQUE already exists
Error: near line 213: index md_menu_id_UNIQUE already exists
Error: near line 214: index md_dish_type_id_UNIQUE already exists
Error: near line 215: index md_dish_type_dt_dish_key_idx already exists
Error: near line 216: index md_dish_type_dt_type_key_idx already exists
Error: near line 217: index md_activity_dish_id_UNIQUE already exists
Error: near line 218: index md_activity_dish_ad_activity_key_idx already exists
Error: near line 219: index md_activity_dish_ad_dish_key_idx already exists
Error: near line 220: index md_file_dish_id_UNIQUE already exists
Error: near line 221: index md_file_dish_fd_file_key_idx already exists
Error: near line 222: index md_file_dish_fd_dish_key_idx already exists
Error: near line 223: index md_options_id_UNIQUE already exists
Error: near line 224: index md_conflict_dish_type_id_UNIQUE already exists
Error: near line 225: index md_conflict_dish_type_cdt_type_key_idx already exists
Error: near line 226: index md_conflict_dish_type_cdt_conflict_type_key_idx already exists
Error: near line 227: index md_command_activity_id_UNIQUE already exists
Error: near line 228: index md_command_activity_ca_command_key_idx already exists
Error: near line 229: index md_command_activity_ca_activity_key_idx already exists
Error: near line 230: index md_dish_id_UNIQUE already exists
Error: near line 231: index md_command_id_UNIQUE already exists
Error: near line 232: index md_types_id_UNIQUE already exists
Error: near line 233: index md_command_menu_id_UNIQUE already exists
Error: near line 234: index md_command_menu_cm_command_key_idx already exists
Error: near line 235: index md_command_menu_cm_menu_key_idx already exists
memory
Error: near line 4: table "md_activity" already exists
Error: near line 14: table "md_activity_dish" already exists
Error: near line 23: table "md_command" already exists
Error: near line 33: table "md_command_activity" already exists
Error: near line 42: table "md_command_dish" already exists
Error: near line 51: table "md_command_menu" already exists
Error: near line 60: table "md_conflict_dish_type" already exists
Error: near line 68: table "md_dish" already exists
Error: near line 81: UNIQUE constraint failed: md_dish.id
Error: near line 82: UNIQUE constraint failed: md_dish.id
Error: near line 83: UNIQUE constraint failed: md_dish.id
Error: near line 84: UNIQUE constraint failed: md_dish.id
Error: near line 85: table "md_dish_option" already exists
Error: near line 93: table "md_dish_type" already exists
Error: near line 101: UNIQUE constraint failed: md_dish_type.id
Error: near line 102: UNIQUE constraint failed: md_dish_type.id
Error: near line 103: UNIQUE constraint failed: md_dish_type.id
Error: near line 104: UNIQUE constraint failed: md_dish_type.id
Error: near line 105: UNIQUE constraint failed: md_dish_type.id
Error: near line 106: UNIQUE constraint failed: md_dish_type.id
Error: near line 107: UNIQUE constraint failed: md_dish_type.id
Error: near line 108: UNIQUE constraint failed: md_dish_type.id
Error: near line 109: UNIQUE constraint failed: md_dish_type.id
Error: near line 110: UNIQUE constraint failed: md_dish_type.id
Error: near line 111: UNIQUE constraint failed: md_dish_type.id
Error: near line 112: table "md_file" already exists
Error: near line 120: table "md_file_activity" already exists
Error: near line 128: table "md_file_dish" already exists
Error: near line 136: table "md_file_menu" already exists
Error: near line 144: table "md_menu" already exists
Error: near line 154: table "md_menu_dish" already exists
Error: near line 163: table "md_options" already exists
Error: near line 168: table "md_types" already exists
Error: near line 178: UNIQUE constraint failed: md_types.id
Error: near line 179: UNIQUE constraint failed: md_types.id
Error: near line 180: UNIQUE constraint failed: md_types.id
Error: near line 181: UNIQUE constraint failed: md_types.id
Error: near line 182: UNIQUE constraint failed: md_types.id
Error: near line 183: UNIQUE constraint failed: md_types.id
Error: near line 184: UNIQUE constraint failed: md_types.id
Error: near line 185: UNIQUE constraint failed: md_types.id
Error: near line 186: UNIQUE constraint failed: md_types.id
Error: near line 187: UNIQUE constraint failed: md_types.id
Error: near line 188: table "md_user" already exists
Error: near line 195: index md_file_id_UNIQUE already exists
Error: near line 196: index md_file_activity_id_UNIQUE already exists
Error: near line 197: index md_file_activity_fa_file_key_idx already exists
Error: near line 198: index md_file_activity_fa_activity_key_idx already exists
Error: near line 199: index md_activity_id_UNIQUE already exists
Error: near line 200: index md_menu_dish_id_UNIQUE already exists
Error: near line 201: index md_menu_dish_md_dish_key_idx already exists
Error: near line 202: index md_menu_dish_md_menu_key_idx already exists
Error: near line 203: index md_file_menu_id_UNIQUE already exists
Error: near line 204: index md_file_menu_fm_file_key_idx already exists
Error: near line 205: index md_file_menu_fm_menu_key_idx already exists
Error: near line 206: index md_command_dish_id_UNIQUE already exists
Error: near line 207: index md_command_dish_cd_command_key_idx already exists
Error: near line 208: index md_command_dish_cd_dish_key_idx already exists
Error: near line 209: index md_dish_option_id_UNIQUE already exists
Error: near line 210: index md_dish_option_do_option_key_idx already exists
Error: near line 211: index md_dish_option_do_dish_key_idx already exists
Error: near line 212: index md_user_id_UNIQUE already exists
Error: near line 213: index md_menu_id_UNIQUE already exists
Error: near line 214: index md_dish_type_id_UNIQUE already exists
Error: near line 215: index md_dish_type_dt_dish_key_idx already exists
Error: near line 216: index md_dish_type_dt_type_key_idx already exists
Error: near line 217: index md_activity_dish_id_UNIQUE already exists
Error: near line 218: index md_activity_dish_ad_activity_key_idx already exists
Error: near line 219: index md_activity_dish_ad_dish_key_idx already exists
Error: near line 220: index md_file_dish_id_UNIQUE already exists
Error: near line 221: index md_file_dish_fd_file_key_idx already exists
Error: near line 222: index md_file_dish_fd_dish_key_idx already exists
Error: near line 223: index md_options_id_UNIQUE already exists
Error: near line 224: index md_conflict_dish_type_id_UNIQUE already exists
Error: near line 225: index md_conflict_dish_type_cdt_type_key_idx already exists
Error: near line 226: index md_conflict_dish_type_cdt_conflict_type_key_idx already exists
Error: near line 227: index md_command_activity_id_UNIQUE already exists
Error: near line 228: index md_command_activity_ca_command_key_idx already exists
Error: near line 229: index md_command_activity_ca_activity_key_idx already exists
Error: near line 230: index md_dish_id_UNIQUE already exists
Error: near line 231: index md_command_id_UNIQUE already exists
Error: near line 232: index md_types_id_UNIQUE already exists
Error: near line 233: index md_command_menu_id_UNIQUE already exists
Error: near line 234: index md_command_menu_cm_command_key_idx already exists
Error: near line 235: index md_command_menu_cm_menu_key_idx already exists
memory
Error: near line 4: table "md_activity" already exists
Error: near line 14: table "md_activity_dish" already exists
Error: near line 23: table "md_command" already exists
Error: near line 33: table "md_command_activity" already exists
Error: near line 42: table "md_command_dish" already exists
Error: near line 51: table "md_command_menu" already exists
Error: near line 60: table "md_conflict_dish_type" already exists
Error: near line 68: table "md_dish" already exists
Error: near line 81: UNIQUE constraint failed: md_dish.id
Error: near line 82: UNIQUE constraint failed: md_dish.id
Error: near line 83: UNIQUE constraint failed: md_dish.id
Error: near line 84: UNIQUE constraint failed: md_dish.id
Error: near line 85: table "md_dish_option" already exists
Error: near line 93: table "md_dish_type" already exists
Error: near line 101: UNIQUE constraint failed: md_dish_type.id
Error: near line 102: UNIQUE constraint failed: md_dish_type.id
Error: near line 103: UNIQUE constraint failed: md_dish_type.id
Error: near line 104: UNIQUE constraint failed: md_dish_type.id
Error: near line 105: UNIQUE constraint failed: md_dish_type.id
Error: near line 106: UNIQUE constraint failed: md_dish_type.id
Error: near line 107: UNIQUE constraint failed: md_dish_type.id
Error: near line 108: UNIQUE constraint failed: md_dish_type.id
Error: near line 109: UNIQUE constraint failed: md_dish_type.id
Error: near line 110: UNIQUE constraint failed: md_dish_type.id
Error: near line 111: UNIQUE constraint failed: md_dish_type.id
Error: near line 112: table "md_file" already exists
Error: near line 120: table "md_file_activity" already exists
Error: near line 128: table "md_file_dish" already exists
Error: near line 136: table "md_file_menu" already exists
Error: near line 144: table "md_menu" already exists
Error: near line 154: table "md_menu_dish" already exists
Error: near line 163: table "md_options" already exists
Error: near line 168: table "md_types" already exists
Error: near line 178: UNIQUE constraint failed: md_types.id
Error: near line 179: UNIQUE constraint failed: md_types.id
Error: near line 180: UNIQUE constraint failed: md_types.id
Error: near line 181: UNIQUE constraint failed: md_types.id
Error: near line 182: UNIQUE constraint failed: md_types.id
Error: near line 183: UNIQUE constraint failed: md_types.id
Error: near line 184: UNIQUE constraint failed: md_types.id
Error: near line 185: UNIQUE constraint failed: md_types.id
Error: near line 186: UNIQUE constraint failed: md_types.id
Error: near line 187: UNIQUE constraint failed: md_types.id
Error: near line 188: table "md_user" already exists
Error: near line 195: index md_file_id_UNIQUE already exists
Error: near line 196: index md_file_activity_id_UNIQUE already exists
Error: near line 197: index md_file_activity_fa_file_key_idx already exists
Error: near line 198: index md_file_activity_fa_activity_key_idx already exists
Error: near line 199: index md_activity_id_UNIQUE already exists
Error: near line 200: index md_menu_dish_id_UNIQUE already exists
Error: near line 201: index md_menu_dish_md_dish_key_idx already exists
Error: near line 202: index md_menu_dish_md_menu_key_idx already exists
Error: near line 203: index md_file_menu_id_UNIQUE already exists
Error: near line 204: index md_file_menu_fm_file_key_idx already exists
Error: near line 205: index md_file_menu_fm_menu_key_idx already exists
Error: near line 206: index md_command_dish_id_UNIQUE already exists
Error: near line 207: index md_command_dish_cd_command_key_idx already exists
Error: near line 208: index md_command_dish_cd_dish_key_idx already exists
Error: near line 209: index md_dish_option_id_UNIQUE already exists
Error: near line 210: index md_dish_option_do_option_key_idx already exists
Error: near line 211: index md_dish_option_do_dish_key_idx already exists
Error: near line 212: index md_user_id_UNIQUE already exists
Error: near line 213: index md_menu_id_UNIQUE already exists
Error: near line 214: index md_dish_type_id_UNIQUE already exists
Error: near line 215: index md_dish_type_dt_dish_key_idx already exists
Error: near line 216: index md_dish_type_dt_type_key_idx already exists
Error: near line 217: index md_activity_dish_id_UNIQUE already exists
Error: near line 218: index md_activity_dish_ad_activity_key_idx already exists
Error: near line 219: index md_activity_dish_ad_dish_key_idx already exists
Error: near line 220: index md_file_dish_id_UNIQUE already exists
Error: near line 221: index md_file_dish_fd_file_key_idx already exists
Error: near line 222: index md_file_dish_fd_dish_key_idx already exists
Error: near line 223: index md_options_id_UNIQUE already exists
Error: near line 224: index md_conflict_dish_type_id_UNIQUE already exists
Error: near line 225: index md_conflict_dish_type_cdt_type_key_idx already exists
Error: near line 226: index md_conflict_dish_type_cdt_conflict_type_key_idx already exists
Error: near line 227: index md_command_activity_id_UNIQUE already exists
Error: near line 228: index md_command_activity_ca_command_key_idx already exists
Error: near line 229: index md_command_activity_ca_activity_key_idx already exists
Error: near line 230: index md_dish_id_UNIQUE already exists
Error: near line 231: index md_command_id_UNIQUE already exists
Error: near line 232: index md_types_id_UNIQUE already exists
Error: near line 233: index md_command_menu_id_UNIQUE already exists
Error: near line 234: index md_command_menu_cm_command_key_idx already exists
Error: near line 235: index md_command_menu_cm_menu_key_idx already exists
memory
Error: near line 4: table "md_activity" already exists
Error: near line 14: table "md_activity_dish" already exists
Error: near line 23: table "md_command" already exists
Error: near line 33: table "md_command_activity" already exists
Error: near line 42: table "md_command_dish" already exists
Error: near line 51: table "md_command_menu" already exists
Error: near line 60: table "md_conflict_dish_type" already exists
Error: near line 68: table "md_dish" already exists
Error: near line 81: UNIQUE constraint failed: md_dish.id
Error: near line 82: UNIQUE constraint failed: md_dish.id
Error: near line 83: UNIQUE constraint failed: md_dish.id
Error: near line 84: UNIQUE constraint failed: md_dish.id
Error: near line 85: table "md_dish_option" already exists
Error: near line 93: table "md_dish_type" already exists
Error: near line 101: UNIQUE constraint failed: md_dish_type.id
Error: near line 102: UNIQUE constraint failed: md_dish_type.id
Error: near line 103: UNIQUE constraint failed: md_dish_type.id
Error: near line 104: UNIQUE constraint failed: md_dish_type.id
Error: near line 105: UNIQUE constraint failed: md_dish_type.id
Error: near line 106: UNIQUE constraint failed: md_dish_type.id
Error: near line 107: UNIQUE constraint failed: md_dish_type.id
Error: near line 108: UNIQUE constraint failed: md_dish_type.id
Error: near line 109: UNIQUE constraint failed: md_dish_type.id
Error: near line 110: UNIQUE constraint failed: md_dish_type.id
Error: near line 111: UNIQUE constraint failed: md_dish_type.id
Error: near line 112: table "md_file" already exists
Error: near line 120: table "md_file_activity" already exists
Error: near line 128: table "md_file_dish" already exists
Error: near line 136: table "md_file_menu" already exists
Error: near line 144: table "md_menu" already exists
Error: near line 154: table "md_menu_dish" already exists
Error: near line 163: table "md_options" already exists
Error: near line 168: table "md_types" already exists
Error: near line 178: UNIQUE constraint failed: md_types.id
Error: near line 179: UNIQUE constraint failed: md_types.id
Error: near line 180: UNIQUE constraint failed: md_types.id
Error: near line 181: UNIQUE constraint failed: md_types.id
Error: near line 182: UNIQUE constraint failed: md_types.id
Error: near line 183: UNIQUE constraint failed: md_types.id
Error: near line 184: UNIQUE constraint failed: md_types.id
Error: near line 185: UNIQUE constraint failed: md_types.id
Error: near line 186: UNIQUE constraint failed: md_types.id
Error: near line 187: UNIQUE constraint failed: md_types.id
Error: near line 188: table "md_user" already exists
Error: near line 195: index md_file_id_UNIQUE already exists
Error: near line 196: index md_file_activity_id_UNIQUE already exists
Error: near line 197: index md_file_activity_fa_file_key_idx already exists
Error: near line 198: index md_file_activity_fa_activity_key_idx already exists
Error: near line 199: index md_activity_id_UNIQUE already exists
Error: near line 200: index md_menu_dish_id_UNIQUE already exists
Error: near line 201: index md_menu_dish_md_dish_key_idx already exists
Error: near line 202: index md_menu_dish_md_menu_key_idx already exists
Error: near line 203: index md_file_menu_id_UNIQUE already exists
Error: near line 204: index md_file_menu_fm_file_key_idx already exists
Error: near line 205: index md_file_menu_fm_menu_key_idx already exists
Error: near line 206: index md_command_dish_id_UNIQUE already exists
Error: near line 207: index md_command_dish_cd_command_key_idx already exists
Error: near line 208: index md_command_dish_cd_dish_key_idx already exists
Error: near line 209: index md_dish_option_id_UNIQUE already exists
Error: near line 210: index md_dish_option_do_option_key_idx already exists
Error: near line 211: index md_dish_option_do_dish_key_idx already exists
Error: near line 212: index md_user_id_UNIQUE already exists
Error: near line 213: index md_menu_id_UNIQUE already exists
Error: near line 214: index md_dish_type_id_UNIQUE already exists
Error: near line 215: index md_dish_type_dt_dish_key_idx already exists
Error: near line 216: index md_dish_type_dt_type_key_idx already exists
Error: near line 217: index md_activity_dish_id_UNIQUE already exists
Error: near line 218: index md_activity_dish_ad_activity_key_idx already exists
Error: near line 219: index md_activity_dish_ad_dish_key_idx already exists
Error: near line 220: index md_file_dish_id_UNIQUE already exists
Error: near line 221: index md_file_dish_fd_file_key_idx already exists
Error: near line 222: index md_file_dish_fd_dish_key_idx already exists
Error: near line 223: index md_options_id_UNIQUE already exists
Error: near line 224: index md_conflict_dish_type_id_UNIQUE already exists
Error: near line 225: index md_conflict_dish_type_cdt_type_key_idx already exists
Error: near line 226: index md_conflict_dish_type_cdt_conflict_type_key_idx already exists
Error: near line 227: index md_command_activity_id_UNIQUE already exists
Error: near line 228: index md_command_activity_ca_command_key_idx already exists
Error: near line 229: index md_command_activity_ca_activity_key_idx already exists
Error: near line 230: index md_dish_id_UNIQUE already exists
Error: near line 231: index md_command_id_UNIQUE already exists
Error: near line 232: index md_types_id_UNIQUE already exists
Error: near line 233: index md_command_menu_id_UNIQUE already exists
Error: near line 234: index md_command_menu_cm_command_key_idx already exists
Error: near line 235: index md_command_menu_cm_menu_key_idx already exists
memory
Error: near line 4: table "md_activity" already exists
Error: near line 14: table "md_activity_dish" already exists
Error: near line 23: table "md_command" already exists
Error: near line 33: table "md_command_activity" already exists
Error: near line 42: table "md_command_dish" already exists
Error: near line 51: table "md_command_menu" already exists
Error: near line 60: table "md_conflict_dish_type" already exists
Error: near line 68: table "md_dish" already exists
Error: near line 81: UNIQUE constraint failed: md_dish.id
Error: near line 82: UNIQUE constraint failed: md_dish.id
Error: near line 83: UNIQUE constraint failed: md_dish.id
Error: near line 84: UNIQUE constraint failed: md_dish.id
Error: near line 85: table "md_dish_option" already exists
Error: near line 93: table "md_dish_type" already exists
Error: near line 101: UNIQUE constraint failed: md_dish_type.id
Error: near line 102: UNIQUE constraint failed: md_dish_type.id
Error: near line 103: UNIQUE constraint failed: md_dish_type.id
Error: near line 104: UNIQUE constraint failed: md_dish_type.id
Error: near line 105: UNIQUE constraint failed: md_dish_type.id
Error: near line 106: UNIQUE constraint failed: md_dish_type.id
Error: near line 107: UNIQUE constraint failed: md_dish_type.id
Error: near line 108: UNIQUE constraint failed: md_dish_type.id
Error: near line 109: UNIQUE constraint failed: md_dish_type.id
Error: near line 110: UNIQUE constraint failed: md_dish_type.id
Error: near line 111: UNIQUE constraint failed: md_dish_type.id
Error: near line 112: table "md_file" already exists
Error: near line 120: table "md_file_activity" already exists
Error: near line 128: table "md_file_dish" already exists
Error: near line 136: table "md_file_menu" already exists
Error: near line 144: table "md_menu" already exists
Error: near line 154: table "md_menu_dish" already exists
Error: near line 163: table "md_options" already exists
Error: near line 168: table "md_types" already exists
Error: near line 178: UNIQUE constraint failed: md_types.id
Error: near line 179: UNIQUE constraint failed: md_types.id
Error: near line 180: UNIQUE constraint failed: md_types.id
Error: near line 181: UNIQUE constraint failed: md_types.id
Error: near line 182: UNIQUE constraint failed: md_types.id
Error: near line 183: UNIQUE constraint failed: md_types.id
Error: near line 184: UNIQUE constraint failed: md_types.id
Error: near line 185: UNIQUE constraint failed: md_types.id
Error: near line 186: UNIQUE constraint failed: md_types.id
Error: near line 187: UNIQUE constraint failed: md_types.id
Error: near line 188: table "md_user" already exists
Error: near line 195: index md_file_id_UNIQUE already exists
Error: near line 196: index md_file_activity_id_UNIQUE already exists
Error: near line 197: index md_file_activity_fa_file_key_idx already exists
Error: near line 198: index md_file_activity_fa_activity_key_idx already exists
Error: near line 199: index md_activity_id_UNIQUE already exists
Error: near line 200: index md_menu_dish_id_UNIQUE already exists
Error: near line 201: index md_menu_dish_md_dish_key_idx already exists
Error: near line 202: index md_menu_dish_md_menu_key_idx already exists
Error: near line 203: index md_file_menu_id_UNIQUE already exists
Error: near line 204: index md_file_menu_fm_file_key_idx already exists
Error: near line 205: index md_file_menu_fm_menu_key_idx already exists
Error: near line 206: index md_command_dish_id_UNIQUE already exists
Error: near line 207: index md_command_dish_cd_command_key_idx already exists
Error: near line 208: index md_command_dish_cd_dish_key_idx already exists
Error: near line 209: index md_dish_option_id_UNIQUE already exists
Error: near line 210: index md_dish_option_do_option_key_idx already exists
Error: near line 211: index md_dish_option_do_dish_key_idx already exists
Error: near line 212: index md_user_id_UNIQUE already exists
Error: near line 213: index md_menu_id_UNIQUE already exists
Error: near line 214: index md_dish_type_id_UNIQUE already exists
Error: near line 215: index md_dish_type_dt_dish_key_idx already exists
Error: near line 216: index md_dish_type_dt_type_key_idx already exists
Error: near line 217: index md_activity_dish_id_UNIQUE already exists
Error: near line 218: index md_activity_dish_ad_activity_key_idx already exists
Error: near line 219: index md_activity_dish_ad_dish_key_idx already exists
Error: near line 220: index md_file_dish_id_UNIQUE already exists
Error: near line 221: index md_file_dish_fd_file_key_idx already exists
Error: near line 222: index md_file_dish_fd_dish_key_idx already exists
Error: near line 223: index md_options_id_UNIQUE already exists
Error: near line 224: index md_conflict_dish_type_id_UNIQUE already exists
Error: near line 225: index md_conflict_dish_type_cdt_type_key_idx already exists
Error: near line 226: index md_conflict_dish_type_cdt_conflict_type_key_idx already exists
Error: near line 227: index md_command_activity_id_UNIQUE already exists
Error: near line 228: index md_command_activity_ca_command_key_idx already exists
Error: near line 229: index md_command_activity_ca_activity_key_idx already exists
Error: near line 230: index md_dish_id_UNIQUE already exists
Error: near line 231: index md_command_id_UNIQUE already exists
Error: near line 232: index md_types_id_UNIQUE already exists
Error: near line 233: index md_command_menu_id_UNIQUE already exists
Error: near line 234: index md_command_menu_cm_command_key_idx already exists
Error: near line 235: index md_command_menu_cm_menu_key_idx already exists
memory
Error: near line 4: table "md_activity" already exists
Error: near line 14: table "md_activity_dish" already exists
Error: near line 23: table "md_command" already exists
Error: near line 33: table "md_command_activity" already exists
Error: near line 42: table "md_command_dish" already exists
Error: near line 51: table "md_command_menu" already exists
Error: near line 60: table "md_conflict_dish_type" already exists
Error: near line 68: table "md_dish" already exists
Error: near line 81: UNIQUE constraint failed: md_dish.id
Error: near line 82: UNIQUE constraint failed: md_dish.id
Error: near line 83: UNIQUE constraint failed: md_dish.id
Error: near line 84: UNIQUE constraint failed: md_dish.id
Error: near line 85: table "md_dish_option" already exists
Error: near line 93: table "md_dish_type" already exists
Error: near line 101: UNIQUE constraint failed: md_dish_type.id
Error: near line 102: UNIQUE constraint failed: md_dish_type.id
Error: near line 103: UNIQUE constraint failed: md_dish_type.id
Error: near line 104: UNIQUE constraint failed: md_dish_type.id
Error: near line 105: UNIQUE constraint failed: md_dish_type.id
Error: near line 106: UNIQUE constraint failed: md_dish_type.id
Error: near line 107: UNIQUE constraint failed: md_dish_type.id
Error: near line 108: UNIQUE constraint failed: md_dish_type.id
Error: near line 109: UNIQUE constraint failed: md_dish_type.id
Error: near line 110: UNIQUE constraint failed: md_dish_type.id
Error: near line 111: UNIQUE constraint failed: md_dish_type.id
Error: near line 112: table "md_file" already exists
Error: near line 120: table "md_file_activity" already exists
Error: near line 128: table "md_file_dish" already exists
Error: near line 136: table "md_file_menu" already exists
Error: near line 144: table "md_menu" already exists
Error: near line 154: table "md_menu_dish" already exists
Error: near line 163: table "md_options" already exists
Error: near line 168: table "md_types" already exists
Error: near line 178: UNIQUE constraint failed: md_types.id
Error: near line 179: UNIQUE constraint failed: md_types.id
Error: near line 180: UNIQUE constraint failed: md_types.id
Error: near line 181: UNIQUE constraint failed: md_types.id
Error: near line 182: UNIQUE constraint failed: md_types.id
Error: near line 183: UNIQUE constraint failed: md_types.id
Error: near line 184: UNIQUE constraint failed: md_types.id
Error: near line 185: UNIQUE constraint failed: md_types.id
Error: near line 186: UNIQUE constraint failed: md_types.id
Error: near line 187: UNIQUE constraint failed: md_types.id
Error: near line 188: table "md_user" already exists
Error: near line 195: index md_file_id_UNIQUE already exists
Error: near line 196: index md_file_activity_id_UNIQUE already exists
Error: near line 197: index md_file_activity_fa_file_key_idx already exists
Error: near line 198: index md_file_activity_fa_activity_key_idx already exists
Error: near line 199: index md_activity_id_UNIQUE already exists
Error: near line 200: index md_menu_dish_id_UNIQUE already exists
Error: near line 201: index md_menu_dish_md_dish_key_idx already exists
Error: near line 202: index md_menu_dish_md_menu_key_idx already exists
Error: near line 203: index md_file_menu_id_UNIQUE already exists
Error: near line 204: index md_file_menu_fm_file_key_idx already exists
Error: near line 205: index md_file_menu_fm_menu_key_idx already exists
Error: near line 206: index md_command_dish_id_UNIQUE already exists
Error: near line 207: index md_command_dish_cd_command_key_idx already exists
Error: near line 208: index md_command_dish_cd_dish_key_idx already exists
Error: near line 209: index md_dish_option_id_UNIQUE already exists
Error: near line 210: index md_dish_option_do_option_key_idx already exists
Error: near line 211: index md_dish_option_do_dish_key_idx already exists
Error: near line 212: index md_user_id_UNIQUE already exists
Error: near line 213: index md_menu_id_UNIQUE already exists
Error: near line 214: index md_dish_type_id_UNIQUE already exists
Error: near line 215: index md_dish_type_dt_dish_key_idx already exists
Error: near line 216: index md_dish_type_dt_type_key_idx already exists
Error: near line 217: index md_activity_dish_id_UNIQUE already exists
Error: near line 218: index md_activity_dish_ad_activity_key_idx already exists
Error: near line 219: index md_activity_dish_ad_dish_key_idx already exists
Error: near line 220: index md_file_dish_id_UNIQUE already exists
Error: near line 221: index md_file_dish_fd_file_key_idx already exists
Error: near line 222: index md_file_dish_fd_dish_key_idx already exists
Error: near line 223: index md_options_id_UNIQUE already exists
Error: near line 224: index md_conflict_dish_type_id_UNIQUE already exists
Error: near line 225: index md_conflict_dish_type_cdt_type_key_idx already exists
Error: near line 226: index md_conflict_dish_type_cdt_conflict_type_key_idx already exists
Error: near line 227: index md_command_activity_id_UNIQUE already exists
Error: near line 228: index md_command_activity_ca_command_key_idx already exists
Error: near line 229: index md_command_activity_ca_activity_key_idx already exists
Error: near line 230: index md_dish_id_UNIQUE already exists
Error: near line 231: index md_command_id_UNIQUE already exists
Error: near line 232: index md_types_id_UNIQUE already exists
Error: near line 233: index md_command_menu_id_UNIQUE already exists
Error: near line 234: index md_command_menu_cm_command_key_idx already exists
Error: near line 235: index md_command_menu_cm_menu_key_idx already exists
memory
Error: near line 4: table "md_activity" already exists
Error: near line 14: table "md_activity_dish" already exists
Error: near line 23: table "md_command" already exists
Error: near line 33: table "md_command_activity" already exists
Error: near line 42: table "md_command_dish" already exists
Error: near line 51: table "md_command_menu" already exists
Error: near line 60: table "md_conflict_dish_type" already exists
Error: near line 68: table "md_dish" already exists
Error: near line 81: UNIQUE constraint failed: md_dish.id
Error: near line 82: UNIQUE constraint failed: md_dish.id
Error: near line 83: UNIQUE constraint failed: md_dish.id
Error: near line 84: UNIQUE constraint failed: md_dish.id
Error: near line 85: table "md_dish_option" already exists
Error: near line 93: table "md_dish_type" already exists
Error: near line 101: UNIQUE constraint failed: md_dish_type.id
Error: near line 102: UNIQUE constraint failed: md_dish_type.id
Error: near line 103: UNIQUE constraint failed: md_dish_type.id
Error: near line 104: UNIQUE constraint failed: md_dish_type.id
Error: near line 105: UNIQUE constraint failed: md_dish_type.id
Error: near line 106: UNIQUE constraint failed: md_dish_type.id
Error: near line 107: UNIQUE constraint failed: md_dish_type.id
Error: near line 108: UNIQUE constraint failed: md_dish_type.id
Error: near line 109: UNIQUE constraint failed: md_dish_type.id
Error: near line 110: UNIQUE constraint failed: md_dish_type.id
Error: near line 111: UNIQUE constraint failed: md_dish_type.id
Error: near line 112: table "md_file" already exists
Error: near line 120: table "md_file_activity" already exists
Error: near line 128: table "md_file_dish" already exists
Error: near line 136: table "md_file_menu" already exists
Error: near line 144: table "md_menu" already exists
Error: near line 154: table "md_menu_dish" already exists
Error: near line 163: table "md_options" already exists
Error: near line 168: table "md_types" already exists
Error: near line 178: UNIQUE constraint failed: md_types.id
Error: near line 179: UNIQUE constraint failed: md_types.id
Error: near line 180: UNIQUE constraint failed: md_types.id
Error: near line 181: UNIQUE constraint failed: md_types.id
Error: near line 182: UNIQUE constraint failed: md_types.id
Error: near line 183: UNIQUE constraint failed: md_types.id
Error: near line 184: UNIQUE constraint failed: md_types.id
Error: near line 185: UNIQUE constraint failed: md_types.id
Error: near line 186: UNIQUE constraint failed: md_types.id
Error: near line 187: UNIQUE constraint failed: md_types.id
Error: near line 188: table "md_user" already exists
Error: near line 195: index md_file_id_UNIQUE already exists
Error: near line 196: index md_file_activity_id_UNIQUE already exists
Error: near line 197: index md_file_activity_fa_file_key_idx already exists
Error: near line 198: index md_file_activity_fa_activity_key_idx already exists
Error: near line 199: index md_activity_id_UNIQUE already exists
Error: near line 200: index md_menu_dish_id_UNIQUE already exists
Error: near line 201: index md_menu_dish_md_dish_key_idx already exists
Error: near line 202: index md_menu_dish_md_menu_key_idx already exists
Error: near line 203: index md_file_menu_id_UNIQUE already exists
Error: near line 204: index md_file_menu_fm_file_key_idx already exists
Error: near line 205: index md_file_menu_fm_menu_key_idx already exists
Error: near line 206: index md_command_dish_id_UNIQUE already exists
Error: near line 207: index md_command_dish_cd_command_key_idx already exists
Error: near line 208: index md_command_dish_cd_dish_key_idx already exists
Error: near line 209: index md_dish_option_id_UNIQUE already exists
Error: near line 210: index md_dish_option_do_option_key_idx already exists
Error: near line 211: index md_dish_option_do_dish_key_idx already exists
Error: near line 212: index md_user_id_UNIQUE already exists
Error: near line 213: index md_menu_id_UNIQUE already exists
Error: near line 214: index md_dish_type_id_UNIQUE already exists
Error: near line 215: index md_dish_type_dt_dish_key_idx already exists
Error: near line 216: index md_dish_type_dt_type_key_idx already exists
Error: near line 217: index md_activity_dish_id_UNIQUE already exists
Error: near line 218: index md_activity_dish_ad_activity_key_idx already exists
Error: near line 219: index md_activity_dish_ad_dish_key_idx already exists
Error: near line 220: index md_file_dish_id_UNIQUE already exists
Error: near line 221: index md_file_dish_fd_file_key_idx already exists
Error: near line 222: index md_file_dish_fd_dish_key_idx already exists
Error: near line 223: index md_options_id_UNIQUE already exists
Error: near line 224: index md_conflict_dish_type_id_UNIQUE already exists
Error: near line 225: index md_conflict_dish_type_cdt_type_key_idx already exists
Error: near line 226: index md_conflict_dish_type_cdt_conflict_type_key_idx already exists
Error: near line 227: index md_command_activity_id_UNIQUE already exists
Error: near line 228: index md_command_activity_ca_command_key_idx already exists
Error: near line 229: index md_command_activity_ca_activity_key_idx already exists
Error: near line 230: index md_dish_id_UNIQUE already exists
Error: near line 231: index md_command_id_UNIQUE already exists
Error: near line 232: index md_types_id_UNIQUE already exists
Error: near line 233: index md_command_menu_id_UNIQUE already exists
Error: near line 234: index md_command_menu_cm_command_key_idx already exists
Error: near line 235: index md_command_menu_cm_menu_key_idx already exists
memory
Error: near line 4: table "md_activity" already exists
Error: near line 14: table "md_activity_dish" already exists
Error: near line 23: table "md_command" already exists
Error: near line 33: table "md_command_activity" already exists
Error: near line 42: table "md_command_dish" already exists
Error: near line 51: table "md_command_menu" already exists
Error: near line 60: table "md_conflict_dish_type" already exists
Error: near line 68: table "md_dish" already exists
Error: near line 81: UNIQUE constraint failed: md_dish.id
Error: near line 82: UNIQUE constraint failed: md_dish.id
Error: near line 83: UNIQUE constraint failed: md_dish.id
Error: near line 84: UNIQUE constraint failed: md_dish.id
Error: near line 85: table "md_dish_option" already exists
Error: near line 93: table "md_dish_type" already exists
Error: near line 101: UNIQUE constraint failed: md_dish_type.id
Error: near line 102: UNIQUE constraint failed: md_dish_type.id
Error: near line 103: UNIQUE constraint failed: md_dish_type.id
Error: near line 104: UNIQUE constraint failed: md_dish_type.id
Error: near line 105: UNIQUE constraint failed: md_dish_type.id
Error: near line 106: UNIQUE constraint failed: md_dish_type.id
Error: near line 107: UNIQUE constraint failed: md_dish_type.id
Error: near line 108: UNIQUE constraint failed: md_dish_type.id
Error: near line 109: UNIQUE constraint failed: md_dish_type.id
Error: near line 110: UNIQUE constraint failed: md_dish_type.id
Error: near line 111: UNIQUE constraint failed: md_dish_type.id
Error: near line 112: table "md_file" already exists
Error: near line 120: table "md_file_activity" already exists
Error: near line 128: table "md_file_dish" already exists
Error: near line 136: table "md_file_menu" already exists
Error: near line 144: table "md_menu" already exists
Error: near line 154: table "md_menu_dish" already exists
Error: near line 163: table "md_options" already exists
Error: near line 168: table "md_types" already exists
Error: near line 178: UNIQUE constraint failed: md_types.id
Error: near line 179: UNIQUE constraint failed: md_types.id
Error: near line 180: UNIQUE constraint failed: md_types.id
Error: near line 181: UNIQUE constraint failed: md_types.id
Error: near line 182: UNIQUE constraint failed: md_types.id
Error: near line 183: UNIQUE constraint failed: md_types.id
Error: near line 184: UNIQUE constraint failed: md_types.id
Error: near line 185: UNIQUE constraint failed: md_types.id
Error: near line 186: UNIQUE constraint failed: md_types.id
Error: near line 187: UNIQUE constraint failed: md_types.id
Error: near line 188: table "md_user" already exists
Error: near line 195: index md_file_id_UNIQUE already exists
Error: near line 196: index md_file_activity_id_UNIQUE already exists
Error: near line 197: index md_file_activity_fa_file_key_idx already exists
Error: near line 198: index md_file_activity_fa_activity_key_idx already exists
Error: near line 199: index md_activity_id_UNIQUE already exists
Error: near line 200: index md_menu_dish_id_UNIQUE already exists
Error: near line 201: index md_menu_dish_md_dish_key_idx already exists
Error: near line 202: index md_menu_dish_md_menu_key_idx already exists
Error: near line 203: index md_file_menu_id_UNIQUE already exists
Error: near line 204: index md_file_menu_fm_file_key_idx already exists
Error: near line 205: index md_file_menu_fm_menu_key_idx already exists
Error: near line 206: index md_command_dish_id_UNIQUE already exists
Error: near line 207: index md_command_dish_cd_command_key_idx already exists
Error: near line 208: index md_command_dish_cd_dish_key_idx already exists
Error: near line 209: index md_dish_option_id_UNIQUE already exists
Error: near line 210: index md_dish_option_do_option_key_idx already exists
Error: near line 211: index md_dish_option_do_dish_key_idx already exists
Error: near line 212: index md_user_id_UNIQUE already exists
Error: near line 213: index md_menu_id_UNIQUE already exists
Error: near line 214: index md_dish_type_id_UNIQUE already exists
Error: near line 215: index md_dish_type_dt_dish_key_idx already exists
Error: near line 216: index md_dish_type_dt_type_key_idx already exists
Error: near line 217: index md_activity_dish_id_UNIQUE already exists
Error: near line 218: index md_activity_dish_ad_activity_key_idx already exists
Error: near line 219: index md_activity_dish_ad_dish_key_idx already exists
Error: near line 220: index md_file_dish_id_UNIQUE already exists
Error: near line 221: index md_file_dish_fd_file_key_idx already exists
Error: near line 222: index md_file_dish_fd_dish_key_idx already exists
Error: near line 223: index md_options_id_UNIQUE already exists
Error: near line 224: index md_conflict_dish_type_id_UNIQUE already exists
Error: near line 225: index md_conflict_dish_type_cdt_type_key_idx already exists
Error: near line 226: index md_conflict_dish_type_cdt_conflict_type_key_idx already exists
Error: near line 227: index md_command_activity_id_UNIQUE already exists
Error: near line 228: index md_command_activity_ca_command_key_idx already exists
Error: near line 229: index md_command_activity_ca_activity_key_idx already exists
Error: near line 230: index md_dish_id_UNIQUE already exists
Error: near line 231: index md_command_id_UNIQUE already exists
Error: near line 232: index md_types_id_UNIQUE already exists
Error: near line 233: index md_command_menu_id_UNIQUE already exists
Error: near line 234: index md_command_menu_cm_command_key_idx already exists
Error: near line 235: index md_command_menu_cm_menu_key_idx already exists
